<?xml version="1.0" encoding="UTF-8"?>
<testsuite xmlns:xsi="http://www.w3.org/2001/XMLSchema-instance" xsi:noNamespaceSchemaLocation="https://maven.apache.org/surefire/maven-surefire-plugin/xsd/surefire-test-report-3.0.xsd" version="3.0" name="JunitCucumberRunnerTests" time="3.449" tests="1" errors="0" skipped="0" failures="0">
  <properties>
    <property name="java.specification.version" value="17"/>
    <property name="sun.jnu.encoding" value="UTF-8"/>
    <property name="java.class.path" value="/home/main/git/autotest-sdk/tat-child/target/test-classes:/home/main/git/autotest-sdk/tat-child/target/classes:/home/main/.m2/repository/io/cucumber/cucumber-groovy/6.10.4/cucumber-groovy-6.10.4.jar:/home/main/.m2/repository/io/cucumber/cucumber-core/7.12.1/cucumber-core-7.12.1.jar:/home/main/.m2/repository/io/cucumber/cucumber-gherkin/7.12.1/cucumber-gherkin-7.12.1.jar:/home/main/.m2/repository/io/cucumber/cucumber-gherkin-messages/7.12.1/cucumber-gherkin-messages-7.12.1.jar:/home/main/.m2/repository/io/cucumber/messages/22.0.0/messages-22.0.0.jar:/home/main/.m2/repository/io/cucumber/tag-expressions/5.0.1/tag-expressions-5.0.1.jar:/home/main/.m2/repository/io/cucumber/cucumber-expressions/16.1.2/cucumber-expressions-16.1.2.jar:/home/main/.m2/repository/io/cucumber/datatable/7.12.1/datatable-7.12.1.jar:/home/main/.m2/repository/io/cucumber/docstring/7.12.1/docstring-7.12.1.jar:/home/main/.m2/repository/io/cucumber/html-formatter/20.3.1/html-formatter-20.3.1.jar:/home/main/.m2/repository/io/cucumber/junit-xml-formatter/0.2.0/junit-xml-formatter-0.2.0.jar:/home/main/.m2/repository/io/cucumber/ci-environment/9.2.0/ci-environment-9.2.0.jar:/home/main/.m2/repository/org/apiguardian/apiguardian-api/1.1.2/apiguardian-api-1.1.2.jar:/home/main/.m2/repository/com/google/auto/service/auto-service/1.0-rc6/auto-service-1.0-rc6.jar:/home/main/.m2/repository/com/google/auto/auto-common/0.10/auto-common-0.10.jar:/home/main/.m2/repository/org/junit/platform/junit-platform-suite/1.9.3/junit-platform-suite-1.9.3.jar:/home/main/.m2/repository/org/junit/platform/junit-platform-suite-api/1.9.3/junit-platform-suite-api-1.9.3.jar:/home/main/.m2/repository/org/junit/platform/junit-platform-commons/1.9.3/junit-platform-commons-1.9.3.jar:/home/main/.m2/repository/org/junit/platform/junit-platform-suite-engine/1.9.3/junit-platform-suite-engine-1.9.3.jar:/home/main/.m2/repository/org/junit/platform/junit-platform-suite-commons/1.9.3/junit-platform-suite-commons-1.9.3.jar:/home/main/.m2/repository/io/cucumber/cucumber-junit-platform-engine/7.12.1/cucumber-junit-platform-engine-7.12.1.jar:/home/main/.m2/repository/org/junit/platform/junit-platform-engine/1.9.3/junit-platform-engine-1.9.3.jar:/home/main/.m2/repository/org/opentest4j/opentest4j/1.2.0/opentest4j-1.2.0.jar:/home/main/.m2/repository/org/apache/groovy/groovy/4.0.5/groovy-4.0.5.jar:/home/main/.m2/repository/org/apache/groovy/groovy-ant/4.0.5/groovy-ant-4.0.5.jar:/home/main/.m2/repository/org/apache/ant/ant/1.10.12/ant-1.10.12.jar:/home/main/.m2/repository/org/apache/ant/ant-junit/1.10.12/ant-junit-1.10.12.jar:/home/main/.m2/repository/org/apache/ant/ant-launcher/1.10.12/ant-launcher-1.10.12.jar:/home/main/.m2/repository/org/apache/ant/ant-antlr/1.10.12/ant-antlr-1.10.12.jar:/home/main/.m2/repository/org/apache/groovy/groovy-cli-picocli/4.0.5/groovy-cli-picocli-4.0.5.jar:/home/main/.m2/repository/info/picocli/picocli/4.6.3/picocli-4.6.3.jar:/home/main/.m2/repository/org/apache/groovy/groovy-console/4.0.5/groovy-console-4.0.5.jar:/home/main/.m2/repository/com/github/javaparser/javaparser-core/3.24.4/javaparser-core-3.24.4.jar:/home/main/.m2/repository/org/ow2/asm/asm-util/9.3/asm-util-9.3.jar:/home/main/.m2/repository/org/ow2/asm/asm/9.3/asm-9.3.jar:/home/main/.m2/repository/org/ow2/asm/asm-tree/9.3/asm-tree-9.3.jar:/home/main/.m2/repository/org/ow2/asm/asm-analysis/9.3/asm-analysis-9.3.jar:/home/main/.m2/repository/org/abego/treelayout/org.abego.treelayout.core/1.0.3/org.abego.treelayout.core-1.0.3.jar:/home/main/.m2/repository/org/apache/ivy/ivy/2.5.0/ivy-2.5.0.jar:/home/main/.m2/repository/org/apache/groovy/groovy-datetime/4.0.5/groovy-datetime-4.0.5.jar:/home/main/.m2/repository/org/apache/groovy/groovy-docgenerator/4.0.5/groovy-docgenerator-4.0.5.jar:/home/main/.m2/repository/com/thoughtworks/qdox/qdox/1.12.1/qdox-1.12.1.jar:/home/main/.m2/repository/org/apache/groovy/groovy-groovydoc/4.0.5/groovy-groovydoc-4.0.5.jar:/home/main/.m2/repository/org/apache/groovy/groovy-groovysh/4.0.5/groovy-groovysh-4.0.5.jar:/home/main/.m2/repository/jline/jline/2.14.6/jline-2.14.6.jar:/home/main/.m2/repository/org/apache/groovy/groovy-jmx/4.0.5/groovy-jmx-4.0.5.jar:/home/main/.m2/repository/org/apache/groovy/groovy-json/4.0.5/groovy-json-4.0.5.jar:/home/main/.m2/repository/org/apache/groovy/groovy-jsr223/4.0.5/groovy-jsr223-4.0.5.jar:/home/main/.m2/repository/org/apache/groovy/groovy-macro/4.0.5/groovy-macro-4.0.5.jar:/home/main/.m2/repository/org/apache/groovy/groovy-nio/4.0.5/groovy-nio-4.0.5.jar:/home/main/.m2/repository/org/apache/groovy/groovy-servlet/4.0.5/groovy-servlet-4.0.5.jar:/home/main/.m2/repository/org/apache/groovy/groovy-sql/4.0.5/groovy-sql-4.0.5.jar:/home/main/.m2/repository/org/apache/groovy/groovy-swing/4.0.5/groovy-swing-4.0.5.jar:/home/main/.m2/repository/org/apache/groovy/groovy-templates/4.0.5/groovy-templates-4.0.5.jar:/home/main/.m2/repository/org/apache/groovy/groovy-test/4.0.5/groovy-test-4.0.5.jar:/home/main/.m2/repository/junit/junit/4.13.2/junit-4.13.2.jar:/home/main/.m2/repository/org/hamcrest/hamcrest-core/1.3/hamcrest-core-1.3.jar:/home/main/.m2/repository/org/apache/groovy/groovy-test-junit5/4.0.5/groovy-test-junit5-4.0.5.jar:/home/main/.m2/repository/org/junit/jupiter/junit-jupiter-api/5.9.3/junit-jupiter-api-5.9.3.jar:/home/main/.m2/repository/org/junit/platform/junit-platform-launcher/1.9.3/junit-platform-launcher-1.9.3.jar:/home/main/.m2/repository/org/junit/jupiter/junit-jupiter-engine/5.9.3/junit-jupiter-engine-5.9.3.jar:/home/main/.m2/repository/org/apache/groovy/groovy-xml/4.0.5/groovy-xml-4.0.5.jar:/home/main/.m2/repository/org/apache/groovy/groovy-yaml/4.0.5/groovy-yaml-4.0.5.jar:/home/main/.m2/repository/com/fasterxml/jackson/dataformat/jackson-dataformat-yaml/2.13.4/jackson-dataformat-yaml-2.13.4.jar:/home/main/.m2/repository/org/yaml/snakeyaml/1.31/snakeyaml-1.31.jar:/home/main/.m2/repository/com/fasterxml/jackson/core/jackson-core/2.13.4/jackson-core-2.13.4.jar:/home/main/.m2/repository/com/fasterxml/jackson/core/jackson-databind/2.13.3/jackson-databind-2.13.3.jar:/home/main/.m2/repository/com/fasterxml/jackson/core/jackson-annotations/2.13.3/jackson-annotations-2.13.3.jar:/home/main/.m2/repository/org/gebish/geb-core/6.0/geb-core-6.0.jar:/home/main/.m2/repository/org/seleniumhq/selenium/selenium-api/4.2.2/selenium-api-4.2.2.jar:/home/main/.m2/repository/org/gebish/geb-ast/6.0/geb-ast-6.0.jar:/home/main/.m2/repository/org/gebish/geb-waiting/6.0/geb-waiting-6.0.jar:/home/main/.m2/repository/org/gebish/geb-implicit-assertions/6.0/geb-implicit-assertions-6.0.jar:/home/main/.m2/repository/org/gebish/geb-exceptions/6.0/geb-exceptions-6.0.jar:/home/main/.m2/repository/org/threeten/threeten-extra/1.7.0/threeten-extra-1.7.0.jar:/home/main/.m2/repository/org/codehaus/groovy/groovy/3.0.12/groovy-3.0.12.jar:/home/main/.m2/repository/org/codehaus/groovy/groovy-templates/3.0.12/groovy-templates-3.0.12.jar:/home/main/.m2/repository/org/jodd/jodd-core/5.3.0/jodd-core-5.3.0.jar:/home/main/.m2/repository/org/jodd/jodd-util/6.0.0/jodd-util-6.0.0.jar:/home/main/.m2/repository/org/jodd/jodd-lagarto/6.0.5/jodd-lagarto-6.0.5.jar:/home/main/.m2/repository/org/slf4j/slf4j-api/1.7.30/slf4j-api-1.7.30.jar:/home/main/.m2/repository/org/seleniumhq/selenium/selenium-chrome-driver/4.2.2/selenium-chrome-driver-4.2.2.jar:/home/main/.m2/repository/com/google/auto/service/auto-service-annotations/1.0.1/auto-service-annotations-1.0.1.jar:/home/main/.m2/repository/com/google/guava/guava/31.1-jre/guava-31.1-jre.jar:/home/main/.m2/repository/com/google/guava/failureaccess/1.0.1/failureaccess-1.0.1.jar:/home/main/.m2/repository/com/google/guava/listenablefuture/9999.0-empty-to-avoid-conflict-with-guava/listenablefuture-9999.0-empty-to-avoid-conflict-with-guava.jar:/home/main/.m2/repository/com/google/code/findbugs/jsr305/3.0.2/jsr305-3.0.2.jar:/home/main/.m2/repository/org/checkerframework/checker-qual/3.12.0/checker-qual-3.12.0.jar:/home/main/.m2/repository/com/google/errorprone/error_prone_annotations/2.11.0/error_prone_annotations-2.11.0.jar:/home/main/.m2/repository/com/google/j2objc/j2objc-annotations/1.3/j2objc-annotations-1.3.jar:/home/main/.m2/repository/org/seleniumhq/selenium/selenium-chromium-driver/4.2.2/selenium-chromium-driver-4.2.2.jar:/home/main/.m2/repository/org/seleniumhq/selenium/selenium-json/4.2.2/selenium-json-4.2.2.jar:/home/main/.m2/repository/org/seleniumhq/selenium/selenium-remote-driver/4.2.2/selenium-remote-driver-4.2.2.jar:/home/main/.m2/repository/com/beust/jcommander/1.82/jcommander-1.82.jar:/home/main/.m2/repository/io/netty/netty-buffer/4.1.77.Final/netty-buffer-4.1.77.Final.jar:/home/main/.m2/repository/io/netty/netty-codec-http/4.1.77.Final/netty-codec-http-4.1.77.Final.jar:/home/main/.m2/repository/io/netty/netty-codec/4.1.77.Final/netty-codec-4.1.77.Final.jar:/home/main/.m2/repository/io/netty/netty-handler/4.1.77.Final/netty-handler-4.1.77.Final.jar:/home/main/.m2/repository/io/netty/netty-common/4.1.77.Final/netty-common-4.1.77.Final.jar:/home/main/.m2/repository/io/netty/netty-transport-classes-epoll/4.1.77.Final/netty-transport-classes-epoll-4.1.77.Final.jar:/home/main/.m2/repository/io/netty/netty-transport-classes-kqueue/4.1.77.Final/netty-transport-classes-kqueue-4.1.77.Final.jar:/home/main/.m2/repository/io/netty/netty-transport-native-epoll/4.1.77.Final/netty-transport-native-epoll-4.1.77.Final.jar:/home/main/.m2/repository/io/netty/netty-transport-native-kqueue/4.1.77.Final/netty-transport-native-kqueue-4.1.77.Final.jar:/home/main/.m2/repository/io/netty/netty-transport-native-unix-common/4.1.77.Final/netty-transport-native-unix-common-4.1.77.Final.jar:/home/main/.m2/repository/io/netty/netty-transport/4.1.77.Final/netty-transport-4.1.77.Final.jar:/home/main/.m2/repository/io/netty/netty-resolver/4.1.77.Final/netty-resolver-4.1.77.Final.jar:/home/main/.m2/repository/io/opentelemetry/opentelemetry-api/1.14.0/opentelemetry-api-1.14.0.jar:/home/main/.m2/repository/io/opentelemetry/opentelemetry-context/1.14.0/opentelemetry-context-1.14.0.jar:/home/main/.m2/repository/io/opentelemetry/opentelemetry-exporter-logging/1.14.0/opentelemetry-exporter-logging-1.14.0.jar:/home/main/.m2/repository/io/opentelemetry/opentelemetry-sdk-metrics/1.14.0/opentelemetry-sdk-metrics-1.14.0.jar:/home/main/.m2/repository/io/opentelemetry/opentelemetry-sdk-logs/1.14.0-alpha/opentelemetry-sdk-logs-1.14.0-alpha.jar:/home/main/.m2/repository/io/opentelemetry/opentelemetry-sdk-common/1.14.0/opentelemetry-sdk-common-1.14.0.jar:/home/main/.m2/repository/io/opentelemetry/opentelemetry-sdk-extension-autoconfigure-spi/1.14.0/opentelemetry-sdk-extension-autoconfigure-spi-1.14.0.jar:/home/main/.m2/repository/io/opentelemetry/opentelemetry-sdk-extension-autoconfigure/1.14.0-alpha/opentelemetry-sdk-extension-autoconfigure-1.14.0-alpha.jar:/home/main/.m2/repository/io/opentelemetry/opentelemetry-sdk-trace/1.14.0/opentelemetry-sdk-trace-1.14.0.jar:/home/main/.m2/repository/io/opentelemetry/opentelemetry-sdk/1.14.0/opentelemetry-sdk-1.14.0.jar:/home/main/.m2/repository/io/opentelemetry/opentelemetry-semconv/1.14.0-alpha/opentelemetry-semconv-1.14.0-alpha.jar:/home/main/.m2/repository/io/ous/jtoml/2.0.0/jtoml-2.0.0.jar:/home/main/.m2/repository/net/bytebuddy/byte-buddy/1.12.10/byte-buddy-1.12.10.jar:/home/main/.m2/repository/org/apache/commons/commons-exec/1.3/commons-exec-1.3.jar:/home/main/.m2/repository/org/asynchttpclient/async-http-client/2.12.3/async-http-client-2.12.3.jar:/home/main/.m2/repository/org/asynchttpclient/async-http-client-netty-utils/2.12.3/async-http-client-netty-utils-2.12.3.jar:/home/main/.m2/repository/io/netty/netty-codec-socks/4.1.60.Final/netty-codec-socks-4.1.60.Final.jar:/home/main/.m2/repository/io/netty/netty-handler-proxy/4.1.60.Final/netty-handler-proxy-4.1.60.Final.jar:/home/main/.m2/repository/io/netty/netty-transport-native-epoll/4.1.60.Final/netty-transport-native-epoll-4.1.60.Final-linux-x86_64.jar:/home/main/.m2/repository/io/netty/netty-transport-native-kqueue/4.1.60.Final/netty-transport-native-kqueue-4.1.60.Final-osx-x86_64.jar:/home/main/.m2/repository/org/reactivestreams/reactive-streams/1.0.3/reactive-streams-1.0.3.jar:/home/main/.m2/repository/com/typesafe/netty/netty-reactive-streams/2.0.4/netty-reactive-streams-2.0.4.jar:/home/main/.m2/repository/com/sun/activation/jakarta.activation/1.2.2/jakarta.activation-1.2.2.jar:/home/main/.m2/repository/org/seleniumhq/selenium/selenium-http/4.2.2/selenium-http-4.2.2.jar:/home/main/.m2/repository/dev/failsafe/failsafe/3.2.4/failsafe-3.2.4.jar:/home/main/git/autotest-sdk/allure-cucumber7-jvm/target/classes:/home/main/.m2/repository/io/qameta/allure/allure-java-commons/2.22.2/allure-java-commons-2.22.2.jar:/home/main/.m2/repository/io/qameta/allure/allure-model/2.22.2/allure-model-2.22.2.jar:/home/main/.m2/repository/io/cucumber/cucumber-plugin/7.12.1/cucumber-plugin-7.12.1.jar:/home/main/.m2/repository/io/cucumber/gherkin/26.2.0/gherkin-26.2.0.jar:/home/main/.m2/repository/org/apache/commons/commons-lang3/3.5/commons-lang3-3.5.jar:"/>
    <property name="java.vm.vendor" value="BellSoft"/>
    <property name="sun.arch.data.model" value="64"/>
    <property name="java.vendor.url" value="https://bell-sw.com/"/>
    <property name="user.timezone" value="Europe/Moscow"/>
    <property name="os.name" value="Linux"/>
    <property name="java.vm.specification.version" value="17"/>
    <property name="sun.java.launcher" value="SUN_STANDARD"/>
    <property name="user.country" value="RU"/>
    <property name="sun.boot.library.path" value="/home/main/.jdks/liberica-17.0.7/lib"/>
    <property name="sun.java.command" value="/home/main/git/autotest-sdk/tat-child/target/surefire/surefirebooter-20230804093900220_3.jar /home/main/git/autotest-sdk/tat-child/target/surefire 2023-08-04T09-39-00_132-jvmRun1 surefire-20230804093900220_1tmp surefire_0-20230804093900220_2tmp"/>
    <property name="jdk.debug" value="release"/>
    <property name="surefire.test.class.path" value="/home/main/git/autotest-sdk/tat-child/target/test-classes:/home/main/git/autotest-sdk/tat-child/target/classes:/home/main/.m2/repository/io/cucumber/cucumber-groovy/6.10.4/cucumber-groovy-6.10.4.jar:/home/main/.m2/repository/io/cucumber/cucumber-core/7.12.1/cucumber-core-7.12.1.jar:/home/main/.m2/repository/io/cucumber/cucumber-gherkin/7.12.1/cucumber-gherkin-7.12.1.jar:/home/main/.m2/repository/io/cucumber/cucumber-gherkin-messages/7.12.1/cucumber-gherkin-messages-7.12.1.jar:/home/main/.m2/repository/io/cucumber/messages/22.0.0/messages-22.0.0.jar:/home/main/.m2/repository/io/cucumber/tag-expressions/5.0.1/tag-expressions-5.0.1.jar:/home/main/.m2/repository/io/cucumber/cucumber-expressions/16.1.2/cucumber-expressions-16.1.2.jar:/home/main/.m2/repository/io/cucumber/datatable/7.12.1/datatable-7.12.1.jar:/home/main/.m2/repository/io/cucumber/docstring/7.12.1/docstring-7.12.1.jar:/home/main/.m2/repository/io/cucumber/html-formatter/20.3.1/html-formatter-20.3.1.jar:/home/main/.m2/repository/io/cucumber/junit-xml-formatter/0.2.0/junit-xml-formatter-0.2.0.jar:/home/main/.m2/repository/io/cucumber/ci-environment/9.2.0/ci-environment-9.2.0.jar:/home/main/.m2/repository/org/apiguardian/apiguardian-api/1.1.2/apiguardian-api-1.1.2.jar:/home/main/.m2/repository/com/google/auto/service/auto-service/1.0-rc6/auto-service-1.0-rc6.jar:/home/main/.m2/repository/com/google/auto/auto-common/0.10/auto-common-0.10.jar:/home/main/.m2/repository/org/junit/platform/junit-platform-suite/1.9.3/junit-platform-suite-1.9.3.jar:/home/main/.m2/repository/org/junit/platform/junit-platform-suite-api/1.9.3/junit-platform-suite-api-1.9.3.jar:/home/main/.m2/repository/org/junit/platform/junit-platform-commons/1.9.3/junit-platform-commons-1.9.3.jar:/home/main/.m2/repository/org/junit/platform/junit-platform-suite-engine/1.9.3/junit-platform-suite-engine-1.9.3.jar:/home/main/.m2/repository/org/junit/platform/junit-platform-suite-commons/1.9.3/junit-platform-suite-commons-1.9.3.jar:/home/main/.m2/repository/io/cucumber/cucumber-junit-platform-engine/7.12.1/cucumber-junit-platform-engine-7.12.1.jar:/home/main/.m2/repository/org/junit/platform/junit-platform-engine/1.9.3/junit-platform-engine-1.9.3.jar:/home/main/.m2/repository/org/opentest4j/opentest4j/1.2.0/opentest4j-1.2.0.jar:/home/main/.m2/repository/org/apache/groovy/groovy/4.0.5/groovy-4.0.5.jar:/home/main/.m2/repository/org/apache/groovy/groovy-ant/4.0.5/groovy-ant-4.0.5.jar:/home/main/.m2/repository/org/apache/ant/ant/1.10.12/ant-1.10.12.jar:/home/main/.m2/repository/org/apache/ant/ant-junit/1.10.12/ant-junit-1.10.12.jar:/home/main/.m2/repository/org/apache/ant/ant-launcher/1.10.12/ant-launcher-1.10.12.jar:/home/main/.m2/repository/org/apache/ant/ant-antlr/1.10.12/ant-antlr-1.10.12.jar:/home/main/.m2/repository/org/apache/groovy/groovy-cli-picocli/4.0.5/groovy-cli-picocli-4.0.5.jar:/home/main/.m2/repository/info/picocli/picocli/4.6.3/picocli-4.6.3.jar:/home/main/.m2/repository/org/apache/groovy/groovy-console/4.0.5/groovy-console-4.0.5.jar:/home/main/.m2/repository/com/github/javaparser/javaparser-core/3.24.4/javaparser-core-3.24.4.jar:/home/main/.m2/repository/org/ow2/asm/asm-util/9.3/asm-util-9.3.jar:/home/main/.m2/repository/org/ow2/asm/asm/9.3/asm-9.3.jar:/home/main/.m2/repository/org/ow2/asm/asm-tree/9.3/asm-tree-9.3.jar:/home/main/.m2/repository/org/ow2/asm/asm-analysis/9.3/asm-analysis-9.3.jar:/home/main/.m2/repository/org/abego/treelayout/org.abego.treelayout.core/1.0.3/org.abego.treelayout.core-1.0.3.jar:/home/main/.m2/repository/org/apache/ivy/ivy/2.5.0/ivy-2.5.0.jar:/home/main/.m2/repository/org/apache/groovy/groovy-datetime/4.0.5/groovy-datetime-4.0.5.jar:/home/main/.m2/repository/org/apache/groovy/groovy-docgenerator/4.0.5/groovy-docgenerator-4.0.5.jar:/home/main/.m2/repository/com/thoughtworks/qdox/qdox/1.12.1/qdox-1.12.1.jar:/home/main/.m2/repository/org/apache/groovy/groovy-groovydoc/4.0.5/groovy-groovydoc-4.0.5.jar:/home/main/.m2/repository/org/apache/groovy/groovy-groovysh/4.0.5/groovy-groovysh-4.0.5.jar:/home/main/.m2/repository/jline/jline/2.14.6/jline-2.14.6.jar:/home/main/.m2/repository/org/apache/groovy/groovy-jmx/4.0.5/groovy-jmx-4.0.5.jar:/home/main/.m2/repository/org/apache/groovy/groovy-json/4.0.5/groovy-json-4.0.5.jar:/home/main/.m2/repository/org/apache/groovy/groovy-jsr223/4.0.5/groovy-jsr223-4.0.5.jar:/home/main/.m2/repository/org/apache/groovy/groovy-macro/4.0.5/groovy-macro-4.0.5.jar:/home/main/.m2/repository/org/apache/groovy/groovy-nio/4.0.5/groovy-nio-4.0.5.jar:/home/main/.m2/repository/org/apache/groovy/groovy-servlet/4.0.5/groovy-servlet-4.0.5.jar:/home/main/.m2/repository/org/apache/groovy/groovy-sql/4.0.5/groovy-sql-4.0.5.jar:/home/main/.m2/repository/org/apache/groovy/groovy-swing/4.0.5/groovy-swing-4.0.5.jar:/home/main/.m2/repository/org/apache/groovy/groovy-templates/4.0.5/groovy-templates-4.0.5.jar:/home/main/.m2/repository/org/apache/groovy/groovy-test/4.0.5/groovy-test-4.0.5.jar:/home/main/.m2/repository/junit/junit/4.13.2/junit-4.13.2.jar:/home/main/.m2/repository/org/hamcrest/hamcrest-core/1.3/hamcrest-core-1.3.jar:/home/main/.m2/repository/org/apache/groovy/groovy-test-junit5/4.0.5/groovy-test-junit5-4.0.5.jar:/home/main/.m2/repository/org/junit/jupiter/junit-jupiter-api/5.9.3/junit-jupiter-api-5.9.3.jar:/home/main/.m2/repository/org/junit/platform/junit-platform-launcher/1.9.3/junit-platform-launcher-1.9.3.jar:/home/main/.m2/repository/org/junit/jupiter/junit-jupiter-engine/5.9.3/junit-jupiter-engine-5.9.3.jar:/home/main/.m2/repository/org/apache/groovy/groovy-xml/4.0.5/groovy-xml-4.0.5.jar:/home/main/.m2/repository/org/apache/groovy/groovy-yaml/4.0.5/groovy-yaml-4.0.5.jar:/home/main/.m2/repository/com/fasterxml/jackson/dataformat/jackson-dataformat-yaml/2.13.4/jackson-dataformat-yaml-2.13.4.jar:/home/main/.m2/repository/org/yaml/snakeyaml/1.31/snakeyaml-1.31.jar:/home/main/.m2/repository/com/fasterxml/jackson/core/jackson-core/2.13.4/jackson-core-2.13.4.jar:/home/main/.m2/repository/com/fasterxml/jackson/core/jackson-databind/2.13.3/jackson-databind-2.13.3.jar:/home/main/.m2/repository/com/fasterxml/jackson/core/jackson-annotations/2.13.3/jackson-annotations-2.13.3.jar:/home/main/.m2/repository/org/gebish/geb-core/6.0/geb-core-6.0.jar:/home/main/.m2/repository/org/seleniumhq/selenium/selenium-api/4.2.2/selenium-api-4.2.2.jar:/home/main/.m2/repository/org/gebish/geb-ast/6.0/geb-ast-6.0.jar:/home/main/.m2/repository/org/gebish/geb-waiting/6.0/geb-waiting-6.0.jar:/home/main/.m2/repository/org/gebish/geb-implicit-assertions/6.0/geb-implicit-assertions-6.0.jar:/home/main/.m2/repository/org/gebish/geb-exceptions/6.0/geb-exceptions-6.0.jar:/home/main/.m2/repository/org/threeten/threeten-extra/1.7.0/threeten-extra-1.7.0.jar:/home/main/.m2/repository/org/codehaus/groovy/groovy/3.0.12/groovy-3.0.12.jar:/home/main/.m2/repository/org/codehaus/groovy/groovy-templates/3.0.12/groovy-templates-3.0.12.jar:/home/main/.m2/repository/org/jodd/jodd-core/5.3.0/jodd-core-5.3.0.jar:/home/main/.m2/repository/org/jodd/jodd-util/6.0.0/jodd-util-6.0.0.jar:/home/main/.m2/repository/org/jodd/jodd-lagarto/6.0.5/jodd-lagarto-6.0.5.jar:/home/main/.m2/repository/org/slf4j/slf4j-api/1.7.30/slf4j-api-1.7.30.jar:/home/main/.m2/repository/org/seleniumhq/selenium/selenium-chrome-driver/4.2.2/selenium-chrome-driver-4.2.2.jar:/home/main/.m2/repository/com/google/auto/service/auto-service-annotations/1.0.1/auto-service-annotations-1.0.1.jar:/home/main/.m2/repository/com/google/guava/guava/31.1-jre/guava-31.1-jre.jar:/home/main/.m2/repository/com/google/guava/failureaccess/1.0.1/failureaccess-1.0.1.jar:/home/main/.m2/repository/com/google/guava/listenablefuture/9999.0-empty-to-avoid-conflict-with-guava/listenablefuture-9999.0-empty-to-avoid-conflict-with-guava.jar:/home/main/.m2/repository/com/google/code/findbugs/jsr305/3.0.2/jsr305-3.0.2.jar:/home/main/.m2/repository/org/checkerframework/checker-qual/3.12.0/checker-qual-3.12.0.jar:/home/main/.m2/repository/com/google/errorprone/error_prone_annotations/2.11.0/error_prone_annotations-2.11.0.jar:/home/main/.m2/repository/com/google/j2objc/j2objc-annotations/1.3/j2objc-annotations-1.3.jar:/home/main/.m2/repository/org/seleniumhq/selenium/selenium-chromium-driver/4.2.2/selenium-chromium-driver-4.2.2.jar:/home/main/.m2/repository/org/seleniumhq/selenium/selenium-json/4.2.2/selenium-json-4.2.2.jar:/home/main/.m2/repository/org/seleniumhq/selenium/selenium-remote-driver/4.2.2/selenium-remote-driver-4.2.2.jar:/home/main/.m2/repository/com/beust/jcommander/1.82/jcommander-1.82.jar:/home/main/.m2/repository/io/netty/netty-buffer/4.1.77.Final/netty-buffer-4.1.77.Final.jar:/home/main/.m2/repository/io/netty/netty-codec-http/4.1.77.Final/netty-codec-http-4.1.77.Final.jar:/home/main/.m2/repository/io/netty/netty-codec/4.1.77.Final/netty-codec-4.1.77.Final.jar:/home/main/.m2/repository/io/netty/netty-handler/4.1.77.Final/netty-handler-4.1.77.Final.jar:/home/main/.m2/repository/io/netty/netty-common/4.1.77.Final/netty-common-4.1.77.Final.jar:/home/main/.m2/repository/io/netty/netty-transport-classes-epoll/4.1.77.Final/netty-transport-classes-epoll-4.1.77.Final.jar:/home/main/.m2/repository/io/netty/netty-transport-classes-kqueue/4.1.77.Final/netty-transport-classes-kqueue-4.1.77.Final.jar:/home/main/.m2/repository/io/netty/netty-transport-native-epoll/4.1.77.Final/netty-transport-native-epoll-4.1.77.Final.jar:/home/main/.m2/repository/io/netty/netty-transport-native-kqueue/4.1.77.Final/netty-transport-native-kqueue-4.1.77.Final.jar:/home/main/.m2/repository/io/netty/netty-transport-native-unix-common/4.1.77.Final/netty-transport-native-unix-common-4.1.77.Final.jar:/home/main/.m2/repository/io/netty/netty-transport/4.1.77.Final/netty-transport-4.1.77.Final.jar:/home/main/.m2/repository/io/netty/netty-resolver/4.1.77.Final/netty-resolver-4.1.77.Final.jar:/home/main/.m2/repository/io/opentelemetry/opentelemetry-api/1.14.0/opentelemetry-api-1.14.0.jar:/home/main/.m2/repository/io/opentelemetry/opentelemetry-context/1.14.0/opentelemetry-context-1.14.0.jar:/home/main/.m2/repository/io/opentelemetry/opentelemetry-exporter-logging/1.14.0/opentelemetry-exporter-logging-1.14.0.jar:/home/main/.m2/repository/io/opentelemetry/opentelemetry-sdk-metrics/1.14.0/opentelemetry-sdk-metrics-1.14.0.jar:/home/main/.m2/repository/io/opentelemetry/opentelemetry-sdk-logs/1.14.0-alpha/opentelemetry-sdk-logs-1.14.0-alpha.jar:/home/main/.m2/repository/io/opentelemetry/opentelemetry-sdk-common/1.14.0/opentelemetry-sdk-common-1.14.0.jar:/home/main/.m2/repository/io/opentelemetry/opentelemetry-sdk-extension-autoconfigure-spi/1.14.0/opentelemetry-sdk-extension-autoconfigure-spi-1.14.0.jar:/home/main/.m2/repository/io/opentelemetry/opentelemetry-sdk-extension-autoconfigure/1.14.0-alpha/opentelemetry-sdk-extension-autoconfigure-1.14.0-alpha.jar:/home/main/.m2/repository/io/opentelemetry/opentelemetry-sdk-trace/1.14.0/opentelemetry-sdk-trace-1.14.0.jar:/home/main/.m2/repository/io/opentelemetry/opentelemetry-sdk/1.14.0/opentelemetry-sdk-1.14.0.jar:/home/main/.m2/repository/io/opentelemetry/opentelemetry-semconv/1.14.0-alpha/opentelemetry-semconv-1.14.0-alpha.jar:/home/main/.m2/repository/io/ous/jtoml/2.0.0/jtoml-2.0.0.jar:/home/main/.m2/repository/net/bytebuddy/byte-buddy/1.12.10/byte-buddy-1.12.10.jar:/home/main/.m2/repository/org/apache/commons/commons-exec/1.3/commons-exec-1.3.jar:/home/main/.m2/repository/org/asynchttpclient/async-http-client/2.12.3/async-http-client-2.12.3.jar:/home/main/.m2/repository/org/asynchttpclient/async-http-client-netty-utils/2.12.3/async-http-client-netty-utils-2.12.3.jar:/home/main/.m2/repository/io/netty/netty-codec-socks/4.1.60.Final/netty-codec-socks-4.1.60.Final.jar:/home/main/.m2/repository/io/netty/netty-handler-proxy/4.1.60.Final/netty-handler-proxy-4.1.60.Final.jar:/home/main/.m2/repository/io/netty/netty-transport-native-epoll/4.1.60.Final/netty-transport-native-epoll-4.1.60.Final-linux-x86_64.jar:/home/main/.m2/repository/io/netty/netty-transport-native-kqueue/4.1.60.Final/netty-transport-native-kqueue-4.1.60.Final-osx-x86_64.jar:/home/main/.m2/repository/org/reactivestreams/reactive-streams/1.0.3/reactive-streams-1.0.3.jar:/home/main/.m2/repository/com/typesafe/netty/netty-reactive-streams/2.0.4/netty-reactive-streams-2.0.4.jar:/home/main/.m2/repository/com/sun/activation/jakarta.activation/1.2.2/jakarta.activation-1.2.2.jar:/home/main/.m2/repository/org/seleniumhq/selenium/selenium-http/4.2.2/selenium-http-4.2.2.jar:/home/main/.m2/repository/dev/failsafe/failsafe/3.2.4/failsafe-3.2.4.jar:/home/main/git/autotest-sdk/allure-cucumber7-jvm/target/classes:/home/main/.m2/repository/io/qameta/allure/allure-java-commons/2.22.2/allure-java-commons-2.22.2.jar:/home/main/.m2/repository/io/qameta/allure/allure-model/2.22.2/allure-model-2.22.2.jar:/home/main/.m2/repository/io/cucumber/cucumber-plugin/7.12.1/cucumber-plugin-7.12.1.jar:/home/main/.m2/repository/io/cucumber/gherkin/26.2.0/gherkin-26.2.0.jar:/home/main/.m2/repository/org/apache/commons/commons-lang3/3.5/commons-lang3-3.5.jar:"/>
    <property name="sun.cpu.endian" value="little"/>
    <property name="user.home" value="/home/main"/>
    <property name="user.language" value="ru"/>
    <property name="java.specification.vendor" value="Oracle Corporation"/>
    <property name="java.version.date" value="2023-04-18"/>
    <property name="java.home" value="/home/main/.jdks/liberica-17.0.7"/>
    <property name="file.separator" value="/"/>
    <property name="basedir" value="/home/main/git/autotest-sdk/tat-child"/>
    <property name="java.vm.compressedOopsMode" value="Zero based"/>
    <property name="line.separator" value="&#10;"/>
    <property name="java.vm.specification.vendor" value="Oracle Corporation"/>
    <property name="java.specification.name" value="Java Platform API Specification"/>
    <property name="surefire.real.class.path" value="/home/main/git/autotest-sdk/tat-child/target/surefire/surefirebooter-20230804093900220_3.jar"/>
    <property name="sun.management.compiler" value="HotSpot 64-Bit Tiered Compilers"/>
    <property name="java.runtime.version" value="17.0.7+7-LTS"/>
    <property name="user.name" value="main"/>
    <property name="path.separator" value=":"/>
    <property name="os.version" value="5.19.0-50-generic"/>
    <property name="java.runtime.name" value="OpenJDK Runtime Environment"/>
    <property name="file.encoding" value="UTF-8"/>
    <property name="java.vm.name" value="OpenJDK 64-Bit Server VM"/>
    <property name="localRepository" value="/home/main/.m2/repository"/>
    <property name="java.vendor.url.bug" value="https://bell-sw.com/support"/>
    <property name="java.io.tmpdir" value="/tmp"/>
    <property name="idea.version" value="2023.1.2"/>
    <property name="java.version" value="17.0.7"/>
    <property name="user.dir" value="/home/main/git/autotest-sdk/tat-child"/>
    <property name="os.arch" value="amd64"/>
    <property name="java.vm.specification.name" value="Java Virtual Machine Specification"/>
    <property name="native.encoding" value="UTF-8"/>
    <property name="java.library.path" value="/usr/java/packages/lib:/usr/lib64:/lib64:/lib:/usr/lib"/>
    <property name="java.vm.info" value="mixed mode, sharing"/>
    <property name="java.vendor" value="BellSoft"/>
    <property name="java.vm.version" value="17.0.7+7-LTS"/>
    <property name="sun.io.unicode.encoding" value="UnicodeLittle"/>
    <property name="java.class.version" value="61.0"/>
  </properties>
  <testcase name="Открытие страницы сайта по её адресу" classname="Открытие веб-страниц" time="2.699">
    <system-err><![CDATA[SLF4J: Failed to load class "org.slf4j.impl.StaticLoggerBinder".
SLF4J: Defaulting to no-operation (NOP) logger implementation
SLF4J: See http://www.slf4j.org/codes.html#StaticLoggerBinder for further details.
Starting ChromeDriver 114.0.5735.90 (386bc09e8f4f2e025eddae123f36f6263096ae49-refs/branch-heads/5735@{#1052}) on port 51185
Only local connections are allowed.
Please see https://chromedriver.chromium.org/security-considerations for suggestions on keeping ChromeDriver safe.
ChromeDriver was started successfully.
авг. 04, 2023 9:39:03 AM org.openqa.selenium.remote.ProtocolHandshake createSession
INFO: Detected upstream dialect: W3C
авг. 04, 2023 9:39:03 AM org.openqa.selenium.devtools.CdpVersionFinder findNearestMatch
WARNING: Unable to find an exact match for CDP version 114, so returning the closest version found: a no-op implementation
авг. 04, 2023 9:39:03 AM org.openqa.selenium.devtools.CdpVersionFinder findNearestMatch
INFO: Unable to find CDP implementation matching 114.
авг. 04, 2023 9:39:03 AM org.openqa.selenium.chromium.ChromiumDriver lambda$new$3
WARNING: Unable to find version of CDP to use for . You may need to include a dependency on a specific version of the CDP using something similar to `org.seleniumhq.selenium:selenium-devtools-v86:4.2.2` where the version ("v86") matches the version of the chromium-based browser you're using and the version number of the artifact is the same as Selenium's.
]]></system-err>
  </testcase>
</testsuite>